Performing C SOURCE FILE Test CMAKE_HAVE_LIBC_PTHREAD failed with the following output:
Change Dir: /home/dave11ar/Projects/intrusive_list_task/cmake-build-debug/CMakeFiles/CMakeTmp

Run Build Command(s):/usr/bin/make cmTC_d7c16/fast && /usr/bin/make -f CMakeFiles/cmTC_d7c16.dir/build.make CMakeFiles/cmTC_d7c16.dir/build
make[1]: Entering directory '/home/dave11ar/Projects/intrusive_list_task/cmake-build-debug/CMakeFiles/CMakeTmp'
Building C object CMakeFiles/cmTC_d7c16.dir/src.c.o
/usr/bin/cc   -DCMAKE_HAVE_LIBC_PTHREAD   -o CMakeFiles/cmTC_d7c16.dir/src.c.o   -c /home/dave11ar/Projects/intrusive_list_task/cmake-build-debug/CMakeFiles/CMakeTmp/src.c
Linking C executable cmTC_d7c16
/home/dave11ar/Soft/clion-2019.2.5/bin/cmake/linux/bin/cmake -E cmake_link_script CMakeFiles/cmTC_d7c16.dir/link.txt --verbose=1
/usr/bin/cc  -DCMAKE_HAVE_LIBC_PTHREAD    CMakeFiles/cmTC_d7c16.dir/src.c.o  -o cmTC_d7c16 
/usr/bin/ld: CMakeFiles/cmTC_d7c16.dir/src.c.o: in function `main':
src.c:(.text+0x46): undefined reference to `pthread_create'
/usr/bin/ld: src.c:(.text+0x52): undefined reference to `pthread_detach'
/usr/bin/ld: src.c:(.text+0x63): undefined reference to `pthread_join'
collect2: error: ld returned 1 exit status
make[1]: *** [CMakeFiles/cmTC_d7c16.dir/build.make:87: cmTC_d7c16] Error 1
make[1]: Leaving directory '/home/dave11ar/Projects/intrusive_list_task/cmake-build-debug/CMakeFiles/CMakeTmp'
make: *** [Makefile:121: cmTC_d7c16/fast] Error 2


Source file was:
#include <pthread.h>

void* test_func(void* data)
{
  return data;
}

int main(void)
{
  pthread_t thread;
  pthread_create(&thread, NULL, test_func, NULL);
  pthread_detach(thread);
  pthread_join(thread, NULL);
  pthread_atfork(NULL, NULL, NULL);
  pthread_exit(NULL);

  return 0;
}

Determining if the function pthread_create exists in the pthreads failed with the following output:
Change Dir: /home/dave11ar/Projects/intrusive_list_task/cmake-build-debug/CMakeFiles/CMakeTmp

Run Build Command(s):/usr/bin/make cmTC_c834c/fast && /usr/bin/make -f CMakeFiles/cmTC_c834c.dir/build.make CMakeFiles/cmTC_c834c.dir/build
make[1]: Entering directory '/home/dave11ar/Projects/intrusive_list_task/cmake-build-debug/CMakeFiles/CMakeTmp'
Building C object CMakeFiles/cmTC_c834c.dir/CheckFunctionExists.c.o
/usr/bin/cc   -DCHECK_FUNCTION_EXISTS=pthread_create   -o CMakeFiles/cmTC_c834c.dir/CheckFunctionExists.c.o   -c /home/dave11ar/Soft/clion-2019.2.5/bin/cmake/linux/share/cmake-3.15/Modules/CheckFunctionExists.c
Linking C executable cmTC_c834c
/home/dave11ar/Soft/clion-2019.2.5/bin/cmake/linux/bin/cmake -E cmake_link_script CMakeFiles/cmTC_c834c.dir/link.txt --verbose=1
/usr/bin/cc  -DCHECK_FUNCTION_EXISTS=pthread_create    CMakeFiles/cmTC_c834c.dir/CheckFunctionExists.c.o  -o cmTC_c834c -lpthreads 
/usr/bin/ld: cannot find -lpthreads
collect2: error: ld returned 1 exit status
make[1]: *** [CMakeFiles/cmTC_c834c.dir/build.make:87: cmTC_c834c] Error 1
make[1]: Leaving directory '/home/dave11ar/Projects/intrusive_list_task/cmake-build-debug/CMakeFiles/CMakeTmp'
make: *** [Makefile:121: cmTC_c834c/fast] Error 2



